[debug] [2024-09-29T12:24:02.156Z] ----------------------------------------------------------------------
[debug] [2024-09-29T12:24:02.159Z] Command:       C:\nodejs\node.exe C:\Users\ARADHYA\AppData\Roaming\npm\node_modules\firebase-tools\lib\bin\firebase.js init
[debug] [2024-09-29T12:24:02.159Z] CLI Version:   13.20.1
[debug] [2024-09-29T12:24:02.159Z] Platform:      win32
[debug] [2024-09-29T12:24:02.160Z] Node Version:  v20.17.0
[debug] [2024-09-29T12:24:02.160Z] Time:          Sun Sep 29 2024 17:54:02 GMT+0530 (India Standard Time)
[debug] [2024-09-29T12:24:02.160Z] ----------------------------------------------------------------------
[debug] 
[debug] [2024-09-29T12:24:02.166Z] > command requires scopes: ["email","openid","https://www.googleapis.com/auth/cloudplatformprojects.readonly","https://www.googleapis.com/auth/firebase","https://www.googleapis.com/auth/cloud-platform"]
[debug] [2024-09-29T12:24:02.167Z] > authorizing via signed-in user (pitlawararadhya@gmail.com)
[info] 
     ######## #### ########  ######## ########     ###     ######  ########
     ##        ##  ##     ## ##       ##     ##  ##   ##  ##       ##
     ######    ##  ########  ######   ########  #########  ######  ######
     ##        ##  ##    ##  ##       ##     ## ##     ##       ## ##
     ##       #### ##     ## ######## ########  ##     ##  ######  ########

You're about to initialize a Firebase project in this directory:

  D:\NewDesktop\cheatchat

[info] 
=== Project Setup
[info] 
[info] First, let's associate this project directory with a Firebase project.
[info] You can create multiple project aliases by running firebase use --add, 
[info] but for now we'll just set up a default project.
[info] 
[debug] [2024-09-29T12:24:22.686Z] Checked if tokens are valid: false, expires at: 1672988615536
[debug] [2024-09-29T12:24:22.686Z] Checked if tokens are valid: false, expires at: 1672988615536
[debug] [2024-09-29T12:24:22.686Z] > refreshing access token with scopes: []
[debug] [2024-09-29T12:24:22.688Z] >>> [apiv2][query] POST https://www.googleapis.com/oauth2/v3/token [none]
[debug] [2024-09-29T12:24:22.688Z] >>> [apiv2][body] POST https://www.googleapis.com/oauth2/v3/token [omitted]
[debug] [2024-09-29T12:24:23.852Z] <<< [apiv2][status] POST https://www.googleapis.com/oauth2/v3/token 400
[debug] [2024-09-29T12:24:23.852Z] <<< [apiv2][body] POST https://www.googleapis.com/oauth2/v3/token [omitted]
[debug] [2024-09-29T12:24:23.853Z] >>> [apiv2][query] GET https://firebase.googleapis.com/v1beta1/projects pageSize=100
[debug] [2024-09-29T12:24:25.017Z] <<< [apiv2][status] GET https://firebase.googleapis.com/v1beta1/projects 401
[debug] [2024-09-29T12:24:25.017Z] <<< [apiv2][body] GET https://firebase.googleapis.com/v1beta1/projects [omitted]
[debug] [2024-09-29T12:24:25.018Z] Got a 401 Unauthenticated error for a call that required authentication. Refreshing tokens.
[debug] [2024-09-29T12:24:25.018Z] Checked if tokens are valid: false, expires at: 1672988615536
[debug] [2024-09-29T12:24:25.018Z] Checked if tokens are valid: false, expires at: 1672988615536
[debug] [2024-09-29T12:24:25.018Z] > refreshing access token with scopes: []
[debug] [2024-09-29T12:24:25.018Z] >>> [apiv2][query] POST https://www.googleapis.com/oauth2/v3/token [none]
[debug] [2024-09-29T12:24:25.018Z] >>> [apiv2][body] POST https://www.googleapis.com/oauth2/v3/token [omitted]
[debug] [2024-09-29T12:24:25.411Z] <<< [apiv2][status] POST https://www.googleapis.com/oauth2/v3/token 400
[debug] [2024-09-29T12:24:25.411Z] <<< [apiv2][body] POST https://www.googleapis.com/oauth2/v3/token [omitted]
[debug] [2024-09-29T12:24:25.411Z] HTTP Error: 401, Request had invalid authentication credentials. Expected OAuth 2 access token, login cookie or other valid authentication credential. See https://developers.google.com/identity/sign-in/web/devconsole-project.
[debug] [2024-09-29T12:24:26.352Z] FirebaseError: HTTP Error: 401, Request had invalid authentication credentials. Expected OAuth 2 access token, login cookie or other valid authentication credential. See https://developers.google.com/identity/sign-in/web/devconsole-project.
    at responseToError (C:\Users\ARADHYA\AppData\Roaming\npm\node_modules\firebase-tools\lib\responseToError.js:49:12)
    at RetryOperation._fn (C:\Users\ARADHYA\AppData\Roaming\npm\node_modules\firebase-tools\lib\apiv2.js:312:77)
    at process.processTicksAndRejections (node:internal/process/task_queues:95:5)
[error] 
[error] Error: Failed to list Firebase projects. See firebase-debug.log for more info.
